[INFO ][2017/05/04 16:59:35748][org.springframework.test.context.support.AbstractTestContextBootstrapper.getDefaultTestExecutionListenerClassNames(AbstractTestContextBootstrapper.java:258)] - Loaded default TestExecutionListener class names from location [META-INF/spring.factories]: [org.springframework.test.context.web.ServletTestExecutionListener, org.springframework.test.context.support.DirtiesContextBeforeModesTestExecutionListener, org.springframework.test.context.support.DependencyInjectionTestExecutionListener, org.springframework.test.context.support.DirtiesContextTestExecutionListener, org.springframework.test.context.transaction.TransactionalTestExecutionListener, org.springframework.test.context.jdbc.SqlScriptsTestExecutionListener]
 [INFO ][2017/05/04 16:59:35762][org.springframework.test.context.support.AbstractTestContextBootstrapper.getTestExecutionListeners(AbstractTestContextBootstrapper.java:185)] - Using TestExecutionListeners: [org.springframework.test.context.web.ServletTestExecutionListener@29774679, org.springframework.test.context.support.DirtiesContextBeforeModesTestExecutionListener@3ffc5af1, org.springframework.test.context.support.DependencyInjectionTestExecutionListener@5e5792a0, org.springframework.test.context.support.DirtiesContextTestExecutionListener@26653222, org.springframework.test.context.transaction.TransactionalTestExecutionListener@3532ec19, org.springframework.test.context.jdbc.SqlScriptsTestExecutionListener@68c4039c]
 [INFO ][2017/05/04 16:59:35878][org.springframework.beans.factory.xml.XmlBeanDefinitionReader.loadBeanDefinitions(XmlBeanDefinitionReader.java:317)] - Loading XML bean definitions from class path resource [config/spring/applicationContext-mybatis.xml]
 [INFO ][2017/05/04 16:59:3624 ][org.springframework.context.support.AbstractApplicationContext.prepareRefresh(AbstractApplicationContext.java:578)] - Refreshing org.springframework.context.support.GenericApplicationContext@5ec0a365: startup date [Thu May 04 16:59:36 CST 2017]; root of context hierarchy
 [INFO ][2017/05/04 16:59:36191][org.springframework.core.io.support.PropertiesLoaderSupport.loadProperties(PropertiesLoaderSupport.java:172)] - Loading properties file from file [C:\Users\zhongmc\IdeaProjects\IHealth\target\classes\properties\jdbc.properties]
 [ERROR][2017/05/04 16:59:36322][com.alibaba.druid.pool.DruidAbstractDataSource.setMaxIdle(DruidAbstractDataSource.java:968)] - maxIdle is deprecated
 [INFO ][2017/05/04 16:59:36618][com.alibaba.druid.pool.DruidDataSource.init(DruidDataSource.java:722)] - {dataSource-1} inited
 [INFO ][2017/05/04 16:59:37367][org.springframework.context.support.AbstractApplicationContext.doClose(AbstractApplicationContext.java:960)] - Closing org.springframework.context.support.GenericApplicationContext@5ec0a365: startup date [Thu May 04 16:59:36 CST 2017]; root of context hierarchy
 [INFO ][2017/05/04 16:59:37371][com.alibaba.druid.pool.DruidDataSource.close(DruidDataSource.java:1447)] - {dataSource-1} closed
 [INFO ][2017/05/04 17:01:21954][org.springframework.test.context.support.AbstractTestContextBootstrapper.getDefaultTestExecutionListenerClassNames(AbstractTestContextBootstrapper.java:258)] - Loaded default TestExecutionListener class names from location [META-INF/spring.factories]: [org.springframework.test.context.web.ServletTestExecutionListener, org.springframework.test.context.support.DirtiesContextBeforeModesTestExecutionListener, org.springframework.test.context.support.DependencyInjectionTestExecutionListener, org.springframework.test.context.support.DirtiesContextTestExecutionListener, org.springframework.test.context.transaction.TransactionalTestExecutionListener, org.springframework.test.context.jdbc.SqlScriptsTestExecutionListener]
 [INFO ][2017/05/04 17:01:21971][org.springframework.test.context.support.AbstractTestContextBootstrapper.getTestExecutionListeners(AbstractTestContextBootstrapper.java:185)] - Using TestExecutionListeners: [org.springframework.test.context.web.ServletTestExecutionListener@29774679, org.springframework.test.context.support.DirtiesContextBeforeModesTestExecutionListener@3ffc5af1, org.springframework.test.context.support.DependencyInjectionTestExecutionListener@5e5792a0, org.springframework.test.context.support.DirtiesContextTestExecutionListener@26653222, org.springframework.test.context.transaction.TransactionalTestExecutionListener@3532ec19, org.springframework.test.context.jdbc.SqlScriptsTestExecutionListener@68c4039c]
 [INFO ][2017/05/04 17:01:2295 ][org.springframework.beans.factory.xml.XmlBeanDefinitionReader.loadBeanDefinitions(XmlBeanDefinitionReader.java:317)] - Loading XML bean definitions from class path resource [spring/applicationContext-dao.xml]
 [INFO ][2017/05/04 17:01:22252][org.springframework.context.support.AbstractApplicationContext.prepareRefresh(AbstractApplicationContext.java:578)] - Refreshing org.springframework.context.support.GenericApplicationContext@5ec0a365: startup date [Thu May 04 17:01:22 CST 2017]; root of context hierarchy
 [INFO ][2017/05/04 17:01:22408][org.springframework.core.io.support.PropertiesLoaderSupport.loadProperties(PropertiesLoaderSupport.java:172)] - Loading properties file from file [C:\Users\zhongmc\IdeaProjects\IHealth\target\classes\properties\jdbc.properties]
 [ERROR][2017/05/04 17:01:22543][com.alibaba.druid.pool.DruidAbstractDataSource.setMaxIdle(DruidAbstractDataSource.java:968)] - maxIdle is deprecated
 [INFO ][2017/05/04 17:01:22900][com.alibaba.druid.pool.DruidDataSource.init(DruidDataSource.java:722)] - {dataSource-1} inited
 [INFO ][2017/05/04 17:01:23657][org.springframework.context.support.AbstractApplicationContext.doClose(AbstractApplicationContext.java:960)] - Closing org.springframework.context.support.GenericApplicationContext@5ec0a365: startup date [Thu May 04 17:01:22 CST 2017]; root of context hierarchy
 [INFO ][2017/05/04 17:01:23662][com.alibaba.druid.pool.DruidDataSource.close(DruidDataSource.java:1447)] - {dataSource-1} closed
 [INFO ][2017/05/04 17:03:52691][org.springframework.test.context.support.AbstractTestContextBootstrapper.getDefaultTestExecutionListenerClassNames(AbstractTestContextBootstrapper.java:258)] - Loaded default TestExecutionListener class names from location [META-INF/spring.factories]: [org.springframework.test.context.web.ServletTestExecutionListener, org.springframework.test.context.support.DirtiesContextBeforeModesTestExecutionListener, org.springframework.test.context.support.DependencyInjectionTestExecutionListener, org.springframework.test.context.support.DirtiesContextTestExecutionListener, org.springframework.test.context.transaction.TransactionalTestExecutionListener, org.springframework.test.context.jdbc.SqlScriptsTestExecutionListener]
 [INFO ][2017/05/04 17:03:52709][org.springframework.test.context.support.AbstractTestContextBootstrapper.getTestExecutionListeners(AbstractTestContextBootstrapper.java:185)] - Using TestExecutionListeners: [org.springframework.test.context.web.ServletTestExecutionListener@5e3a8624, org.springframework.test.context.support.DirtiesContextBeforeModesTestExecutionListener@5c3bd550, org.springframework.test.context.support.DependencyInjectionTestExecutionListener@91161c7, org.springframework.test.context.support.DirtiesContextTestExecutionListener@604ed9f0, org.springframework.test.context.transaction.TransactionalTestExecutionListener@6a4f787b, org.springframework.test.context.jdbc.SqlScriptsTestExecutionListener@685cb137]
 [INFO ][2017/05/04 17:03:52829][org.springframework.beans.factory.xml.XmlBeanDefinitionReader.loadBeanDefinitions(XmlBeanDefinitionReader.java:317)] - Loading XML bean definitions from class path resource [spring/applicationContext-dao.xml]
 [INFO ][2017/05/04 17:03:52969][org.springframework.beans.factory.xml.XmlBeanDefinitionReader.loadBeanDefinitions(XmlBeanDefinitionReader.java:317)] - Loading XML bean definitions from class path resource [spring/applicationContext-dao.xml]
 [INFO ][2017/05/04 17:03:5350 ][org.springframework.context.support.AbstractApplicationContext.prepareRefresh(AbstractApplicationContext.java:578)] - Refreshing org.springframework.context.support.GenericApplicationContext@370736d9: startup date [Thu May 04 17:03:53 CST 2017]; root of context hierarchy
 [INFO ][2017/05/04 17:03:53215][org.springframework.core.io.support.PropertiesLoaderSupport.loadProperties(PropertiesLoaderSupport.java:172)] - Loading properties file from file [C:\Users\zhongmc\IdeaProjects\IHealth\target\classes\properties\jdbc.properties]
 [INFO ][2017/05/04 17:03:53228][org.springframework.core.io.support.PropertiesLoaderSupport.loadProperties(PropertiesLoaderSupport.java:172)] - Loading properties file from file [C:\Users\zhongmc\IdeaProjects\IHealth\target\classes\properties\jdbc.properties]
 [ERROR][2017/05/04 17:03:53340][com.alibaba.druid.pool.DruidAbstractDataSource.setMaxIdle(DruidAbstractDataSource.java:968)] - maxIdle is deprecated
 [INFO ][2017/05/04 17:03:53624][com.alibaba.druid.pool.DruidDataSource.init(DruidDataSource.java:722)] - {dataSource-1} inited
 [ERROR][2017/05/04 17:03:545  ][org.springframework.test.context.TestContextManager.prepareTestInstance(TestContextManager.java:231)] - Caught exception while allowing TestExecutionListener [org.springframework.test.context.support.DependencyInjectionTestExecutionListener@91161c7] to prepare test instance [com.onion.mybatis.UserTest@4566e5bd]
 org.springframework.beans.factory.BeanCreationException: Error creating bean with name 'com.onion.mybatis.UserTest': Injection of autowired dependencies failed; nested exception is org.springframework.beans.factory.BeanCreationException: Could not autowire field: private com.onion.service.ISysUserService com.onion.mybatis.UserTest.sysUserService; nested exception is org.springframework.beans.factory.NoSuchBeanDefinitionException: No qualifying bean of type [com.onion.service.ISysUserService] found for dependency: expected at least 1 bean which qualifies as autowire candidate for this dependency. Dependency annotations: {@org.springframework.beans.factory.annotation.Autowired(required=true)}
	at org.springframework.beans.factory.annotation.AutowiredAnnotationBeanPostProcessor.postProcessPropertyValues(AutowiredAnnotationBeanPostProcessor.java:334)
	at org.springframework.beans.factory.support.AbstractAutowireCapableBeanFactory.populateBean(AbstractAutowireCapableBeanFactory.java:1214)
	at org.springframework.beans.factory.support.AbstractAutowireCapableBeanFactory.autowireBeanProperties(AbstractAutowireCapableBeanFactory.java:385)
	at org.springframework.test.context.support.DependencyInjectionTestExecutionListener.injectDependencies(DependencyInjectionTestExecutionListener.java:118)
	at org.springframework.test.context.support.DependencyInjectionTestExecutionListener.prepareTestInstance(DependencyInjectionTestExecutionListener.java:83)
	at org.springframework.test.context.TestContextManager.prepareTestInstance(TestContextManager.java:228)
	at org.springframework.test.context.junit4.SpringJUnit4ClassRunner.createTest(SpringJUnit4ClassRunner.java:230)
	at org.springframework.test.context.junit4.SpringJUnit4ClassRunner$1.runReflectiveCall(SpringJUnit4ClassRunner.java:289)
	at org.junit.internal.runners.model.ReflectiveCallable.run(ReflectiveCallable.java:12)
	at org.springframework.test.context.junit4.SpringJUnit4ClassRunner.methodBlock(SpringJUnit4ClassRunner.java:291)
	at org.springframework.test.context.junit4.SpringJUnit4ClassRunner.runChild(SpringJUnit4ClassRunner.java:249)
	at org.springframework.test.context.junit4.SpringJUnit4ClassRunner.runChild(SpringJUnit4ClassRunner.java:89)
	at org.junit.runners.ParentRunner$3.run(ParentRunner.java:290)
	at org.junit.runners.ParentRunner$1.schedule(ParentRunner.java:71)
	at org.junit.runners.ParentRunner.runChildren(ParentRunner.java:288)
	at org.junit.runners.ParentRunner.access$000(ParentRunner.java:58)
	at org.junit.runners.ParentRunner$2.evaluate(ParentRunner.java:268)
	at org.springframework.test.context.junit4.statements.RunBeforeTestClassCallbacks.evaluate(RunBeforeTestClassCallbacks.java:61)
	at org.springframework.test.context.junit4.statements.RunAfterTestClassCallbacks.evaluate(RunAfterTestClassCallbacks.java:70)
	at org.junit.runners.ParentRunner.run(ParentRunner.java:363)
	at org.springframework.test.context.junit4.SpringJUnit4ClassRunner.run(SpringJUnit4ClassRunner.java:193)
	at org.junit.runner.JUnitCore.run(JUnitCore.java:137)
	at com.intellij.junit4.JUnit4IdeaTestRunner.startRunnerWithArgs(JUnit4IdeaTestRunner.java:68)
	at com.intellij.rt.execution.junit.IdeaTestRunner$Repeater.startRunnerWithArgs(IdeaTestRunner.java:51)
	at com.intellij.rt.execution.junit.JUnitStarter.prepareStreamsAndStart(JUnitStarter.java:237)
	at com.intellij.rt.execution.junit.JUnitStarter.main(JUnitStarter.java:70)
	at sun.reflect.NativeMethodAccessorImpl.invoke0(Native Method)
	at sun.reflect.NativeMethodAccessorImpl.invoke(NativeMethodAccessorImpl.java:62)
	at sun.reflect.DelegatingMethodAccessorImpl.invoke(DelegatingMethodAccessorImpl.java:43)
	at java.lang.reflect.Method.invoke(Method.java:498)
	at com.intellij.rt.execution.application.AppMain.main(AppMain.java:147)
Caused by: org.springframework.beans.factory.BeanCreationException: Could not autowire field: private com.onion.service.ISysUserService com.onion.mybatis.UserTest.sysUserService; nested exception is org.springframework.beans.factory.NoSuchBeanDefinitionException: No qualifying bean of type [com.onion.service.ISysUserService] found for dependency: expected at least 1 bean which qualifies as autowire candidate for this dependency. Dependency annotations: {@org.springframework.beans.factory.annotation.Autowired(required=true)}
	at org.springframework.beans.factory.annotation.AutowiredAnnotationBeanPostProcessor$AutowiredFieldElement.inject(AutowiredAnnotationBeanPostProcessor.java:573)
	at org.springframework.beans.factory.annotation.InjectionMetadata.inject(InjectionMetadata.java:88)
	at org.springframework.beans.factory.annotation.AutowiredAnnotationBeanPostProcessor.postProcessPropertyValues(AutowiredAnnotationBeanPostProcessor.java:331)
	... 30 more
Caused by: org.springframework.beans.factory.NoSuchBeanDefinitionException: No qualifying bean of type [com.onion.service.ISysUserService] found for dependency: expected at least 1 bean which qualifies as autowire candidate for this dependency. Dependency annotations: {@org.springframework.beans.factory.annotation.Autowired(required=true)}
	at org.springframework.beans.factory.support.DefaultListableBeanFactory.raiseNoSuchBeanDefinitionException(DefaultListableBeanFactory.java:1373)
	at org.springframework.beans.factory.support.DefaultListableBeanFactory.doResolveDependency(DefaultListableBeanFactory.java:1119)
	at org.springframework.beans.factory.support.DefaultListableBeanFactory.resolveDependency(DefaultListableBeanFactory.java:1014)
	at org.springframework.beans.factory.annotation.AutowiredAnnotationBeanPostProcessor$AutowiredFieldElement.inject(AutowiredAnnotationBeanPostProcessor.java:545)
	... 32 more
[INFO ][2017/05/04 17:03:5419 ][org.springframework.context.support.AbstractApplicationContext.doClose(AbstractApplicationContext.java:960)] - Closing org.springframework.context.support.GenericApplicationContext@370736d9: startup date [Thu May 04 17:03:53 CST 2017]; root of context hierarchy
 [INFO ][2017/05/04 17:03:5425 ][com.alibaba.druid.pool.DruidDataSource.close(DruidDataSource.java:1447)] - {dataSource-1} closed
 [INFO ][2017/05/04 17:04:46625][org.springframework.test.context.support.AbstractTestContextBootstrapper.getDefaultTestExecutionListenerClassNames(AbstractTestContextBootstrapper.java:258)] - Loaded default TestExecutionListener class names from location [META-INF/spring.factories]: [org.springframework.test.context.web.ServletTestExecutionListener, org.springframework.test.context.support.DirtiesContextBeforeModesTestExecutionListener, org.springframework.test.context.support.DependencyInjectionTestExecutionListener, org.springframework.test.context.support.DirtiesContextTestExecutionListener, org.springframework.test.context.transaction.TransactionalTestExecutionListener, org.springframework.test.context.jdbc.SqlScriptsTestExecutionListener]
 [INFO ][2017/05/04 17:04:46640][org.springframework.test.context.support.AbstractTestContextBootstrapper.getTestExecutionListeners(AbstractTestContextBootstrapper.java:185)] - Using TestExecutionListeners: [org.springframework.test.context.web.ServletTestExecutionListener@29774679, org.springframework.test.context.support.DirtiesContextBeforeModesTestExecutionListener@3ffc5af1, org.springframework.test.context.support.DependencyInjectionTestExecutionListener@5e5792a0, org.springframework.test.context.support.DirtiesContextTestExecutionListener@26653222, org.springframework.test.context.transaction.TransactionalTestExecutionListener@3532ec19, org.springframework.test.context.jdbc.SqlScriptsTestExecutionListener@68c4039c]
 [INFO ][2017/05/04 17:04:46762][org.springframework.beans.factory.xml.XmlBeanDefinitionReader.loadBeanDefinitions(XmlBeanDefinitionReader.java:317)] - Loading XML bean definitions from class path resource [spring/applicationContext-dao.xml]
 [INFO ][2017/05/04 17:04:46897][org.springframework.beans.factory.xml.XmlBeanDefinitionReader.loadBeanDefinitions(XmlBeanDefinitionReader.java:317)] - Loading XML bean definitions from class path resource [spring/applicationContext-dao.xml]
 [INFO ][2017/05/04 17:04:46972][org.springframework.context.support.AbstractApplicationContext.prepareRefresh(AbstractApplicationContext.java:578)] - Refreshing org.springframework.context.support.GenericApplicationContext@5ec0a365: startup date [Thu May 04 17:04:46 CST 2017]; root of context hierarchy
 [INFO ][2017/05/04 17:04:47133][org.springframework.core.io.support.PropertiesLoaderSupport.loadProperties(PropertiesLoaderSupport.java:172)] - Loading properties file from file [C:\Users\zhongmc\IdeaProjects\IHealth\target\classes\properties\jdbc.properties]
 [INFO ][2017/05/04 17:04:47152][org.springframework.core.io.support.PropertiesLoaderSupport.loadProperties(PropertiesLoaderSupport.java:172)] - Loading properties file from file [C:\Users\zhongmc\IdeaProjects\IHealth\target\classes\properties\jdbc.properties]
 [ERROR][2017/05/04 17:04:47285][com.alibaba.druid.pool.DruidAbstractDataSource.setMaxIdle(DruidAbstractDataSource.java:968)] - maxIdle is deprecated
 [INFO ][2017/05/04 17:04:47556][com.alibaba.druid.pool.DruidDataSource.init(DruidDataSource.java:722)] - {dataSource-1} inited
 [ERROR][2017/05/04 17:04:47964][org.springframework.test.context.TestContextManager.prepareTestInstance(TestContextManager.java:231)] - Caught exception while allowing TestExecutionListener [org.springframework.test.context.support.DependencyInjectionTestExecutionListener@5e5792a0] to prepare test instance [com.onion.mybatis.UserTest@e45f292]
 org.springframework.beans.factory.BeanCreationException: Error creating bean with name 'com.onion.mybatis.UserTest': Injection of autowired dependencies failed; nested exception is org.springframework.beans.factory.BeanCreationException: Could not autowire field: private com.onion.service.ISysUserService com.onion.mybatis.UserTest.sysUserService; nested exception is org.springframework.beans.factory.NoSuchBeanDefinitionException: No qualifying bean of type [com.onion.service.ISysUserService] found for dependency: expected at least 1 bean which qualifies as autowire candidate for this dependency. Dependency annotations: {@org.springframework.beans.factory.annotation.Autowired(required=true)}
	at org.springframework.beans.factory.annotation.AutowiredAnnotationBeanPostProcessor.postProcessPropertyValues(AutowiredAnnotationBeanPostProcessor.java:334)
	at org.springframework.beans.factory.support.AbstractAutowireCapableBeanFactory.populateBean(AbstractAutowireCapableBeanFactory.java:1214)
	at org.springframework.beans.factory.support.AbstractAutowireCapableBeanFactory.autowireBeanProperties(AbstractAutowireCapableBeanFactory.java:385)
	at org.springframework.test.context.support.DependencyInjectionTestExecutionListener.injectDependencies(DependencyInjectionTestExecutionListener.java:118)
	at org.springframework.test.context.support.DependencyInjectionTestExecutionListener.prepareTestInstance(DependencyInjectionTestExecutionListener.java:83)
	at org.springframework.test.context.TestContextManager.prepareTestInstance(TestContextManager.java:228)
	at org.springframework.test.context.junit4.SpringJUnit4ClassRunner.createTest(SpringJUnit4ClassRunner.java:230)
	at org.springframework.test.context.junit4.SpringJUnit4ClassRunner$1.runReflectiveCall(SpringJUnit4ClassRunner.java:289)
	at org.junit.internal.runners.model.ReflectiveCallable.run(ReflectiveCallable.java:12)
	at org.springframework.test.context.junit4.SpringJUnit4ClassRunner.methodBlock(SpringJUnit4ClassRunner.java:291)
	at org.springframework.test.context.junit4.SpringJUnit4ClassRunner.runChild(SpringJUnit4ClassRunner.java:249)
	at org.springframework.test.context.junit4.SpringJUnit4ClassRunner.runChild(SpringJUnit4ClassRunner.java:89)
	at org.junit.runners.ParentRunner$3.run(ParentRunner.java:290)
	at org.junit.runners.ParentRunner$1.schedule(ParentRunner.java:71)
	at org.junit.runners.ParentRunner.runChildren(ParentRunner.java:288)
	at org.junit.runners.ParentRunner.access$000(ParentRunner.java:58)
	at org.junit.runners.ParentRunner$2.evaluate(ParentRunner.java:268)
	at org.springframework.test.context.junit4.statements.RunBeforeTestClassCallbacks.evaluate(RunBeforeTestClassCallbacks.java:61)
	at org.springframework.test.context.junit4.statements.RunAfterTestClassCallbacks.evaluate(RunAfterTestClassCallbacks.java:70)
	at org.junit.runners.ParentRunner.run(ParentRunner.java:363)
	at org.springframework.test.context.junit4.SpringJUnit4ClassRunner.run(SpringJUnit4ClassRunner.java:193)
	at org.junit.runner.JUnitCore.run(JUnitCore.java:137)
	at com.intellij.junit4.JUnit4IdeaTestRunner.startRunnerWithArgs(JUnit4IdeaTestRunner.java:68)
	at com.intellij.rt.execution.junit.IdeaTestRunner$Repeater.startRunnerWithArgs(IdeaTestRunner.java:51)
	at com.intellij.rt.execution.junit.JUnitStarter.prepareStreamsAndStart(JUnitStarter.java:237)
	at com.intellij.rt.execution.junit.JUnitStarter.main(JUnitStarter.java:70)
	at sun.reflect.NativeMethodAccessorImpl.invoke0(Native Method)
	at sun.reflect.NativeMethodAccessorImpl.invoke(NativeMethodAccessorImpl.java:62)
	at sun.reflect.DelegatingMethodAccessorImpl.invoke(DelegatingMethodAccessorImpl.java:43)
	at java.lang.reflect.Method.invoke(Method.java:498)
	at com.intellij.rt.execution.application.AppMain.main(AppMain.java:147)
Caused by: org.springframework.beans.factory.BeanCreationException: Could not autowire field: private com.onion.service.ISysUserService com.onion.mybatis.UserTest.sysUserService; nested exception is org.springframework.beans.factory.NoSuchBeanDefinitionException: No qualifying bean of type [com.onion.service.ISysUserService] found for dependency: expected at least 1 bean which qualifies as autowire candidate for this dependency. Dependency annotations: {@org.springframework.beans.factory.annotation.Autowired(required=true)}
	at org.springframework.beans.factory.annotation.AutowiredAnnotationBeanPostProcessor$AutowiredFieldElement.inject(AutowiredAnnotationBeanPostProcessor.java:573)
	at org.springframework.beans.factory.annotation.InjectionMetadata.inject(InjectionMetadata.java:88)
	at org.springframework.beans.factory.annotation.AutowiredAnnotationBeanPostProcessor.postProcessPropertyValues(AutowiredAnnotationBeanPostProcessor.java:331)
	... 30 more
Caused by: org.springframework.beans.factory.NoSuchBeanDefinitionException: No qualifying bean of type [com.onion.service.ISysUserService] found for dependency: expected at least 1 bean which qualifies as autowire candidate for this dependency. Dependency annotations: {@org.springframework.beans.factory.annotation.Autowired(required=true)}
	at org.springframework.beans.factory.support.DefaultListableBeanFactory.raiseNoSuchBeanDefinitionException(DefaultListableBeanFactory.java:1373)
	at org.springframework.beans.factory.support.DefaultListableBeanFactory.doResolveDependency(DefaultListableBeanFactory.java:1119)
	at org.springframework.beans.factory.support.DefaultListableBeanFactory.resolveDependency(DefaultListableBeanFactory.java:1014)
	at org.springframework.beans.factory.annotation.AutowiredAnnotationBeanPostProcessor$AutowiredFieldElement.inject(AutowiredAnnotationBeanPostProcessor.java:545)
	... 32 more
[INFO ][2017/05/04 17:04:47981][org.springframework.context.support.AbstractApplicationContext.doClose(AbstractApplicationContext.java:960)] - Closing org.springframework.context.support.GenericApplicationContext@5ec0a365: startup date [Thu May 04 17:04:46 CST 2017]; root of context hierarchy
 [INFO ][2017/05/04 17:04:47986][com.alibaba.druid.pool.DruidDataSource.close(DruidDataSource.java:1447)] - {dataSource-1} closed
 [INFO ][2017/05/04 17:06:29317][org.springframework.test.context.support.AbstractTestContextBootstrapper.getDefaultTestExecutionListenerClassNames(AbstractTestContextBootstrapper.java:258)] - Loaded default TestExecutionListener class names from location [META-INF/spring.factories]: [org.springframework.test.context.web.ServletTestExecutionListener, org.springframework.test.context.support.DirtiesContextBeforeModesTestExecutionListener, org.springframework.test.context.support.DependencyInjectionTestExecutionListener, org.springframework.test.context.support.DirtiesContextTestExecutionListener, org.springframework.test.context.transaction.TransactionalTestExecutionListener, org.springframework.test.context.jdbc.SqlScriptsTestExecutionListener]
 [INFO ][2017/05/04 17:06:29333][org.springframework.test.context.support.AbstractTestContextBootstrapper.getTestExecutionListeners(AbstractTestContextBootstrapper.java:185)] - Using TestExecutionListeners: [org.springframework.test.context.web.ServletTestExecutionListener@29774679, org.springframework.test.context.support.DirtiesContextBeforeModesTestExecutionListener@3ffc5af1, org.springframework.test.context.support.DependencyInjectionTestExecutionListener@5e5792a0, org.springframework.test.context.support.DirtiesContextTestExecutionListener@26653222, org.springframework.test.context.transaction.TransactionalTestExecutionListener@3532ec19, org.springframework.test.context.jdbc.SqlScriptsTestExecutionListener@68c4039c]
 [INFO ][2017/05/04 17:06:29455][org.springframework.beans.factory.xml.XmlBeanDefinitionReader.loadBeanDefinitions(XmlBeanDefinitionReader.java:317)] - Loading XML bean definitions from class path resource [spring/applicationContext-dao.xml]
 [INFO ][2017/05/04 17:06:29585][org.springframework.beans.factory.xml.XmlBeanDefinitionReader.loadBeanDefinitions(XmlBeanDefinitionReader.java:317)] - Loading XML bean definitions from class path resource [spring/applicationContext-dao.xml]
 [INFO ][2017/05/04 17:06:29670][org.springframework.context.support.AbstractApplicationContext.prepareRefresh(AbstractApplicationContext.java:578)] - Refreshing org.springframework.context.support.GenericApplicationContext@5ec0a365: startup date [Thu May 04 17:06:29 CST 2017]; root of context hierarchy
 [INFO ][2017/05/04 17:06:29834][org.springframework.core.io.support.PropertiesLoaderSupport.loadProperties(PropertiesLoaderSupport.java:172)] - Loading properties file from file [C:\Users\zhongmc\IdeaProjects\IHealth\target\classes\properties\jdbc.properties]
 [INFO ][2017/05/04 17:06:29848][org.springframework.core.io.support.PropertiesLoaderSupport.loadProperties(PropertiesLoaderSupport.java:172)] - Loading properties file from file [C:\Users\zhongmc\IdeaProjects\IHealth\target\classes\properties\jdbc.properties]
 [ERROR][2017/05/04 17:06:29966][com.alibaba.druid.pool.DruidAbstractDataSource.setMaxIdle(DruidAbstractDataSource.java:968)] - maxIdle is deprecated
 [INFO ][2017/05/04 17:06:30317][com.alibaba.druid.pool.DruidDataSource.init(DruidDataSource.java:722)] - {dataSource-1} inited
 [ERROR][2017/05/04 17:06:30714][org.springframework.test.context.TestContextManager.prepareTestInstance(TestContextManager.java:231)] - Caught exception while allowing TestExecutionListener [org.springframework.test.context.support.DependencyInjectionTestExecutionListener@5e5792a0] to prepare test instance [com.onion.mybatis.UserTest@e45f292]
 org.springframework.beans.factory.BeanCreationException: Error creating bean with name 'com.onion.mybatis.UserTest': Injection of autowired dependencies failed; nested exception is org.springframework.beans.factory.BeanCreationException: Could not autowire field: private com.onion.service.ISysUserService com.onion.mybatis.UserTest.sysUserService; nested exception is org.springframework.beans.factory.NoSuchBeanDefinitionException: No qualifying bean of type [com.onion.service.ISysUserService] found for dependency: expected at least 1 bean which qualifies as autowire candidate for this dependency. Dependency annotations: {@org.springframework.beans.factory.annotation.Autowired(required=true)}
	at org.springframework.beans.factory.annotation.AutowiredAnnotationBeanPostProcessor.postProcessPropertyValues(AutowiredAnnotationBeanPostProcessor.java:334)
	at org.springframework.beans.factory.support.AbstractAutowireCapableBeanFactory.populateBean(AbstractAutowireCapableBeanFactory.java:1214)
	at org.springframework.beans.factory.support.AbstractAutowireCapableBeanFactory.autowireBeanProperties(AbstractAutowireCapableBeanFactory.java:385)
	at org.springframework.test.context.support.DependencyInjectionTestExecutionListener.injectDependencies(DependencyInjectionTestExecutionListener.java:118)
	at org.springframework.test.context.support.DependencyInjectionTestExecutionListener.prepareTestInstance(DependencyInjectionTestExecutionListener.java:83)
	at org.springframework.test.context.TestContextManager.prepareTestInstance(TestContextManager.java:228)
	at org.springframework.test.context.junit4.SpringJUnit4ClassRunner.createTest(SpringJUnit4ClassRunner.java:230)
	at org.springframework.test.context.junit4.SpringJUnit4ClassRunner$1.runReflectiveCall(SpringJUnit4ClassRunner.java:289)
	at org.junit.internal.runners.model.ReflectiveCallable.run(ReflectiveCallable.java:12)
	at org.springframework.test.context.junit4.SpringJUnit4ClassRunner.methodBlock(SpringJUnit4ClassRunner.java:291)
	at org.springframework.test.context.junit4.SpringJUnit4ClassRunner.runChild(SpringJUnit4ClassRunner.java:249)
	at org.springframework.test.context.junit4.SpringJUnit4ClassRunner.runChild(SpringJUnit4ClassRunner.java:89)
	at org.junit.runners.ParentRunner$3.run(ParentRunner.java:290)
	at org.junit.runners.ParentRunner$1.schedule(ParentRunner.java:71)
	at org.junit.runners.ParentRunner.runChildren(ParentRunner.java:288)
	at org.junit.runners.ParentRunner.access$000(ParentRunner.java:58)
	at org.junit.runners.ParentRunner$2.evaluate(ParentRunner.java:268)
	at org.springframework.test.context.junit4.statements.RunBeforeTestClassCallbacks.evaluate(RunBeforeTestClassCallbacks.java:61)
	at org.springframework.test.context.junit4.statements.RunAfterTestClassCallbacks.evaluate(RunAfterTestClassCallbacks.java:70)
	at org.junit.runners.ParentRunner.run(ParentRunner.java:363)
	at org.springframework.test.context.junit4.SpringJUnit4ClassRunner.run(SpringJUnit4ClassRunner.java:193)
	at org.junit.runner.JUnitCore.run(JUnitCore.java:137)
	at com.intellij.junit4.JUnit4IdeaTestRunner.startRunnerWithArgs(JUnit4IdeaTestRunner.java:68)
	at com.intellij.rt.execution.junit.IdeaTestRunner$Repeater.startRunnerWithArgs(IdeaTestRunner.java:51)
	at com.intellij.rt.execution.junit.JUnitStarter.prepareStreamsAndStart(JUnitStarter.java:237)
	at com.intellij.rt.execution.junit.JUnitStarter.main(JUnitStarter.java:70)
	at sun.reflect.NativeMethodAccessorImpl.invoke0(Native Method)
	at sun.reflect.NativeMethodAccessorImpl.invoke(NativeMethodAccessorImpl.java:62)
	at sun.reflect.DelegatingMethodAccessorImpl.invoke(DelegatingMethodAccessorImpl.java:43)
	at java.lang.reflect.Method.invoke(Method.java:498)
	at com.intellij.rt.execution.application.AppMain.main(AppMain.java:147)
Caused by: org.springframework.beans.factory.BeanCreationException: Could not autowire field: private com.onion.service.ISysUserService com.onion.mybatis.UserTest.sysUserService; nested exception is org.springframework.beans.factory.NoSuchBeanDefinitionException: No qualifying bean of type [com.onion.service.ISysUserService] found for dependency: expected at least 1 bean which qualifies as autowire candidate for this dependency. Dependency annotations: {@org.springframework.beans.factory.annotation.Autowired(required=true)}
	at org.springframework.beans.factory.annotation.AutowiredAnnotationBeanPostProcessor$AutowiredFieldElement.inject(AutowiredAnnotationBeanPostProcessor.java:573)
	at org.springframework.beans.factory.annotation.InjectionMetadata.inject(InjectionMetadata.java:88)
	at org.springframework.beans.factory.annotation.AutowiredAnnotationBeanPostProcessor.postProcessPropertyValues(AutowiredAnnotationBeanPostProcessor.java:331)
	... 30 more
Caused by: org.springframework.beans.factory.NoSuchBeanDefinitionException: No qualifying bean of type [com.onion.service.ISysUserService] found for dependency: expected at least 1 bean which qualifies as autowire candidate for this dependency. Dependency annotations: {@org.springframework.beans.factory.annotation.Autowired(required=true)}
	at org.springframework.beans.factory.support.DefaultListableBeanFactory.raiseNoSuchBeanDefinitionException(DefaultListableBeanFactory.java:1373)
	at org.springframework.beans.factory.support.DefaultListableBeanFactory.doResolveDependency(DefaultListableBeanFactory.java:1119)
	at org.springframework.beans.factory.support.DefaultListableBeanFactory.resolveDependency(DefaultListableBeanFactory.java:1014)
	at org.springframework.beans.factory.annotation.AutowiredAnnotationBeanPostProcessor$AutowiredFieldElement.inject(AutowiredAnnotationBeanPostProcessor.java:545)
	... 32 more
[INFO ][2017/05/04 17:06:30727][org.springframework.context.support.AbstractApplicationContext.doClose(AbstractApplicationContext.java:960)] - Closing org.springframework.context.support.GenericApplicationContext@5ec0a365: startup date [Thu May 04 17:06:29 CST 2017]; root of context hierarchy
 [INFO ][2017/05/04 17:06:30732][com.alibaba.druid.pool.DruidDataSource.close(DruidDataSource.java:1447)] - {dataSource-1} closed
 [INFO ][2017/05/04 17:07:16671][org.springframework.test.context.support.AbstractTestContextBootstrapper.getDefaultTestExecutionListenerClassNames(AbstractTestContextBootstrapper.java:258)] - Loaded default TestExecutionListener class names from location [META-INF/spring.factories]: [org.springframework.test.context.web.ServletTestExecutionListener, org.springframework.test.context.support.DirtiesContextBeforeModesTestExecutionListener, org.springframework.test.context.support.DependencyInjectionTestExecutionListener, org.springframework.test.context.support.DirtiesContextTestExecutionListener, org.springframework.test.context.transaction.TransactionalTestExecutionListener, org.springframework.test.context.jdbc.SqlScriptsTestExecutionListener]
 [INFO ][2017/05/04 17:07:16689][org.springframework.test.context.support.AbstractTestContextBootstrapper.getTestExecutionListeners(AbstractTestContextBootstrapper.java:185)] - Using TestExecutionListeners: [org.springframework.test.context.web.ServletTestExecutionListener@5e5792a0, org.springframework.test.context.support.DirtiesContextBeforeModesTestExecutionListener@26653222, org.springframework.test.context.support.DependencyInjectionTestExecutionListener@3532ec19, org.springframework.test.context.support.DirtiesContextTestExecutionListener@68c4039c, org.springframework.test.context.transaction.TransactionalTestExecutionListener@ae45eb6, org.springframework.test.context.jdbc.SqlScriptsTestExecutionListener@59f99ea]
 [INFO ][2017/05/04 17:07:16811][org.springframework.beans.factory.xml.XmlBeanDefinitionReader.loadBeanDefinitions(XmlBeanDefinitionReader.java:317)] - Loading XML bean definitions from class path resource [spring/applicationContext-dao.xml]
 [INFO ][2017/05/04 17:07:16945][org.springframework.beans.factory.xml.XmlBeanDefinitionReader.loadBeanDefinitions(XmlBeanDefinitionReader.java:317)] - Loading XML bean definitions from class path resource [spring/applicationContext-dao.xml]
 [INFO ][2017/05/04 17:07:1712 ][org.springframework.context.support.AbstractApplicationContext.prepareRefresh(AbstractApplicationContext.java:578)] - Refreshing org.springframework.context.support.GenericApplicationContext@5383967b: startup date [Thu May 04 17:07:17 CST 2017]; root of context hierarchy
 [INFO ][2017/05/04 17:07:17185][org.springframework.core.io.support.PropertiesLoaderSupport.loadProperties(PropertiesLoaderSupport.java:172)] - Loading properties file from file [C:\Users\zhongmc\IdeaProjects\IHealth\target\classes\properties\jdbc.properties]
 [INFO ][2017/05/04 17:07:17202][org.springframework.core.io.support.PropertiesLoaderSupport.loadProperties(PropertiesLoaderSupport.java:172)] - Loading properties file from file [C:\Users\zhongmc\IdeaProjects\IHealth\target\classes\properties\jdbc.properties]
 [ERROR][2017/05/04 17:07:17326][com.alibaba.druid.pool.DruidAbstractDataSource.setMaxIdle(DruidAbstractDataSource.java:968)] - maxIdle is deprecated
 [INFO ][2017/05/04 17:07:17606][com.alibaba.druid.pool.DruidDataSource.init(DruidDataSource.java:722)] - {dataSource-1} inited
 [ERROR][2017/05/04 17:07:185  ][org.springframework.test.context.TestContextManager.prepareTestInstance(TestContextManager.java:231)] - Caught exception while allowing TestExecutionListener [org.springframework.test.context.support.DependencyInjectionTestExecutionListener@3532ec19] to prepare test instance [com.onion.mybatis.UserTest@31a5c39e]
 org.springframework.beans.factory.BeanCreationException: Error creating bean with name 'com.onion.mybatis.UserTest': Injection of autowired dependencies failed; nested exception is org.springframework.beans.factory.BeanCreationException: Could not autowire field: private com.onion.service.Impl.SysUserServiceImpl com.onion.mybatis.UserTest.sysUserService; nested exception is org.springframework.beans.factory.NoSuchBeanDefinitionException: No qualifying bean of type [com.onion.service.Impl.SysUserServiceImpl] found for dependency: expected at least 1 bean which qualifies as autowire candidate for this dependency. Dependency annotations: {@org.springframework.beans.factory.annotation.Autowired(required=true)}
	at org.springframework.beans.factory.annotation.AutowiredAnnotationBeanPostProcessor.postProcessPropertyValues(AutowiredAnnotationBeanPostProcessor.java:334)
	at org.springframework.beans.factory.support.AbstractAutowireCapableBeanFactory.populateBean(AbstractAutowireCapableBeanFactory.java:1214)
	at org.springframework.beans.factory.support.AbstractAutowireCapableBeanFactory.autowireBeanProperties(AbstractAutowireCapableBeanFactory.java:385)
	at org.springframework.test.context.support.DependencyInjectionTestExecutionListener.injectDependencies(DependencyInjectionTestExecutionListener.java:118)
	at org.springframework.test.context.support.DependencyInjectionTestExecutionListener.prepareTestInstance(DependencyInjectionTestExecutionListener.java:83)
	at org.springframework.test.context.TestContextManager.prepareTestInstance(TestContextManager.java:228)
	at org.springframework.test.context.junit4.SpringJUnit4ClassRunner.createTest(SpringJUnit4ClassRunner.java:230)
	at org.springframework.test.context.junit4.SpringJUnit4ClassRunner$1.runReflectiveCall(SpringJUnit4ClassRunner.java:289)
	at org.junit.internal.runners.model.ReflectiveCallable.run(ReflectiveCallable.java:12)
	at org.springframework.test.context.junit4.SpringJUnit4ClassRunner.methodBlock(SpringJUnit4ClassRunner.java:291)
	at org.springframework.test.context.junit4.SpringJUnit4ClassRunner.runChild(SpringJUnit4ClassRunner.java:249)
	at org.springframework.test.context.junit4.SpringJUnit4ClassRunner.runChild(SpringJUnit4ClassRunner.java:89)
	at org.junit.runners.ParentRunner$3.run(ParentRunner.java:290)
	at org.junit.runners.ParentRunner$1.schedule(ParentRunner.java:71)
	at org.junit.runners.ParentRunner.runChildren(ParentRunner.java:288)
	at org.junit.runners.ParentRunner.access$000(ParentRunner.java:58)
	at org.junit.runners.ParentRunner$2.evaluate(ParentRunner.java:268)
	at org.springframework.test.context.junit4.statements.RunBeforeTestClassCallbacks.evaluate(RunBeforeTestClassCallbacks.java:61)
	at org.springframework.test.context.junit4.statements.RunAfterTestClassCallbacks.evaluate(RunAfterTestClassCallbacks.java:70)
	at org.junit.runners.ParentRunner.run(ParentRunner.java:363)
	at org.springframework.test.context.junit4.SpringJUnit4ClassRunner.run(SpringJUnit4ClassRunner.java:193)
	at org.junit.runner.JUnitCore.run(JUnitCore.java:137)
	at com.intellij.junit4.JUnit4IdeaTestRunner.startRunnerWithArgs(JUnit4IdeaTestRunner.java:68)
	at com.intellij.rt.execution.junit.IdeaTestRunner$Repeater.startRunnerWithArgs(IdeaTestRunner.java:51)
	at com.intellij.rt.execution.junit.JUnitStarter.prepareStreamsAndStart(JUnitStarter.java:237)
	at com.intellij.rt.execution.junit.JUnitStarter.main(JUnitStarter.java:70)
	at sun.reflect.NativeMethodAccessorImpl.invoke0(Native Method)
	at sun.reflect.NativeMethodAccessorImpl.invoke(NativeMethodAccessorImpl.java:62)
	at sun.reflect.DelegatingMethodAccessorImpl.invoke(DelegatingMethodAccessorImpl.java:43)
	at java.lang.reflect.Method.invoke(Method.java:498)
	at com.intellij.rt.execution.application.AppMain.main(AppMain.java:147)
Caused by: org.springframework.beans.factory.BeanCreationException: Could not autowire field: private com.onion.service.Impl.SysUserServiceImpl com.onion.mybatis.UserTest.sysUserService; nested exception is org.springframework.beans.factory.NoSuchBeanDefinitionException: No qualifying bean of type [com.onion.service.Impl.SysUserServiceImpl] found for dependency: expected at least 1 bean which qualifies as autowire candidate for this dependency. Dependency annotations: {@org.springframework.beans.factory.annotation.Autowired(required=true)}
	at org.springframework.beans.factory.annotation.AutowiredAnnotationBeanPostProcessor$AutowiredFieldElement.inject(AutowiredAnnotationBeanPostProcessor.java:573)
	at org.springframework.beans.factory.annotation.InjectionMetadata.inject(InjectionMetadata.java:88)
	at org.springframework.beans.factory.annotation.AutowiredAnnotationBeanPostProcessor.postProcessPropertyValues(AutowiredAnnotationBeanPostProcessor.java:331)
	... 30 more
Caused by: org.springframework.beans.factory.NoSuchBeanDefinitionException: No qualifying bean of type [com.onion.service.Impl.SysUserServiceImpl] found for dependency: expected at least 1 bean which qualifies as autowire candidate for this dependency. Dependency annotations: {@org.springframework.beans.factory.annotation.Autowired(required=true)}
	at org.springframework.beans.factory.support.DefaultListableBeanFactory.raiseNoSuchBeanDefinitionException(DefaultListableBeanFactory.java:1373)
	at org.springframework.beans.factory.support.DefaultListableBeanFactory.doResolveDependency(DefaultListableBeanFactory.java:1119)
	at org.springframework.beans.factory.support.DefaultListableBeanFactory.resolveDependency(DefaultListableBeanFactory.java:1014)
	at org.springframework.beans.factory.annotation.AutowiredAnnotationBeanPostProcessor$AutowiredFieldElement.inject(AutowiredAnnotationBeanPostProcessor.java:545)
	... 32 more
[INFO ][2017/05/04 17:07:1818 ][org.springframework.context.support.AbstractApplicationContext.doClose(AbstractApplicationContext.java:960)] - Closing org.springframework.context.support.GenericApplicationContext@5383967b: startup date [Thu May 04 17:07:17 CST 2017]; root of context hierarchy
 [INFO ][2017/05/04 17:07:1823 ][com.alibaba.druid.pool.DruidDataSource.close(DruidDataSource.java:1447)] - {dataSource-1} closed
 [INFO ][2017/05/04 17:07:44773][org.springframework.test.context.support.AbstractTestContextBootstrapper.getDefaultTestExecutionListenerClassNames(AbstractTestContextBootstrapper.java:258)] - Loaded default TestExecutionListener class names from location [META-INF/spring.factories]: [org.springframework.test.context.web.ServletTestExecutionListener, org.springframework.test.context.support.DirtiesContextBeforeModesTestExecutionListener, org.springframework.test.context.support.DependencyInjectionTestExecutionListener, org.springframework.test.context.support.DirtiesContextTestExecutionListener, org.springframework.test.context.transaction.TransactionalTestExecutionListener, org.springframework.test.context.jdbc.SqlScriptsTestExecutionListener]
 [INFO ][2017/05/04 17:07:44788][org.springframework.test.context.support.AbstractTestContextBootstrapper.getTestExecutionListeners(AbstractTestContextBootstrapper.java:185)] - Using TestExecutionListeners: [org.springframework.test.context.web.ServletTestExecutionListener@5e5792a0, org.springframework.test.context.support.DirtiesContextBeforeModesTestExecutionListener@26653222, org.springframework.test.context.support.DependencyInjectionTestExecutionListener@3532ec19, org.springframework.test.context.support.DirtiesContextTestExecutionListener@68c4039c, org.springframework.test.context.transaction.TransactionalTestExecutionListener@ae45eb6, org.springframework.test.context.jdbc.SqlScriptsTestExecutionListener@59f99ea]
 [INFO ][2017/05/04 17:07:44904][org.springframework.beans.factory.xml.XmlBeanDefinitionReader.loadBeanDefinitions(XmlBeanDefinitionReader.java:317)] - Loading XML bean definitions from class path resource [spring/applicationContext-dao.xml]
 [INFO ][2017/05/04 17:07:4535 ][org.springframework.beans.factory.xml.XmlBeanDefinitionReader.loadBeanDefinitions(XmlBeanDefinitionReader.java:317)] - Loading XML bean definitions from class path resource [spring/applicationContext-dao.xml]
 [INFO ][2017/05/04 17:07:4592 ][org.springframework.context.support.AbstractApplicationContext.prepareRefresh(AbstractApplicationContext.java:578)] - Refreshing org.springframework.context.support.GenericApplicationContext@5383967b: startup date [Thu May 04 17:07:45 CST 2017]; root of context hierarchy
 [INFO ][2017/05/04 17:07:45260][org.springframework.core.io.support.PropertiesLoaderSupport.loadProperties(PropertiesLoaderSupport.java:172)] - Loading properties file from file [C:\Users\zhongmc\IdeaProjects\IHealth\target\classes\properties\jdbc.properties]
 [INFO ][2017/05/04 17:07:45273][org.springframework.core.io.support.PropertiesLoaderSupport.loadProperties(PropertiesLoaderSupport.java:172)] - Loading properties file from file [C:\Users\zhongmc\IdeaProjects\IHealth\target\classes\properties\jdbc.properties]
 [ERROR][2017/05/04 17:07:45379][com.alibaba.druid.pool.DruidAbstractDataSource.setMaxIdle(DruidAbstractDataSource.java:968)] - maxIdle is deprecated
 [INFO ][2017/05/04 17:07:45702][com.alibaba.druid.pool.DruidDataSource.init(DruidDataSource.java:722)] - {dataSource-1} inited
 [ERROR][2017/05/04 17:07:46101][org.springframework.test.context.TestContextManager.prepareTestInstance(TestContextManager.java:231)] - Caught exception while allowing TestExecutionListener [org.springframework.test.context.support.DependencyInjectionTestExecutionListener@3532ec19] to prepare test instance [com.onion.mybatis.UserTest@31a5c39e]
 org.springframework.beans.factory.BeanCreationException: Error creating bean with name 'com.onion.mybatis.UserTest': Injection of autowired dependencies failed; nested exception is org.springframework.beans.factory.BeanCreationException: Could not autowire field: com.onion.service.Impl.SysUserServiceImpl com.onion.mybatis.UserTest.sysUserService; nested exception is org.springframework.beans.factory.NoSuchBeanDefinitionException: No qualifying bean of type [com.onion.service.Impl.SysUserServiceImpl] found for dependency: expected at least 1 bean which qualifies as autowire candidate for this dependency. Dependency annotations: {@org.springframework.beans.factory.annotation.Autowired(required=true)}
	at org.springframework.beans.factory.annotation.AutowiredAnnotationBeanPostProcessor.postProcessPropertyValues(AutowiredAnnotationBeanPostProcessor.java:334)
	at org.springframework.beans.factory.support.AbstractAutowireCapableBeanFactory.populateBean(AbstractAutowireCapableBeanFactory.java:1214)
	at org.springframework.beans.factory.support.AbstractAutowireCapableBeanFactory.autowireBeanProperties(AbstractAutowireCapableBeanFactory.java:385)
	at org.springframework.test.context.support.DependencyInjectionTestExecutionListener.injectDependencies(DependencyInjectionTestExecutionListener.java:118)
	at org.springframework.test.context.support.DependencyInjectionTestExecutionListener.prepareTestInstance(DependencyInjectionTestExecutionListener.java:83)
	at org.springframework.test.context.TestContextManager.prepareTestInstance(TestContextManager.java:228)
	at org.springframework.test.context.junit4.SpringJUnit4ClassRunner.createTest(SpringJUnit4ClassRunner.java:230)
	at org.springframework.test.context.junit4.SpringJUnit4ClassRunner$1.runReflectiveCall(SpringJUnit4ClassRunner.java:289)
	at org.junit.internal.runners.model.ReflectiveCallable.run(ReflectiveCallable.java:12)
	at org.springframework.test.context.junit4.SpringJUnit4ClassRunner.methodBlock(SpringJUnit4ClassRunner.java:291)
	at org.springframework.test.context.junit4.SpringJUnit4ClassRunner.runChild(SpringJUnit4ClassRunner.java:249)
	at org.springframework.test.context.junit4.SpringJUnit4ClassRunner.runChild(SpringJUnit4ClassRunner.java:89)
	at org.junit.runners.ParentRunner$3.run(ParentRunner.java:290)
	at org.junit.runners.ParentRunner$1.schedule(ParentRunner.java:71)
	at org.junit.runners.ParentRunner.runChildren(ParentRunner.java:288)
	at org.junit.runners.ParentRunner.access$000(ParentRunner.java:58)
	at org.junit.runners.ParentRunner$2.evaluate(ParentRunner.java:268)
	at org.springframework.test.context.junit4.statements.RunBeforeTestClassCallbacks.evaluate(RunBeforeTestClassCallbacks.java:61)
	at org.springframework.test.context.junit4.statements.RunAfterTestClassCallbacks.evaluate(RunAfterTestClassCallbacks.java:70)
	at org.junit.runners.ParentRunner.run(ParentRunner.java:363)
	at org.springframework.test.context.junit4.SpringJUnit4ClassRunner.run(SpringJUnit4ClassRunner.java:193)
	at org.junit.runner.JUnitCore.run(JUnitCore.java:137)
	at com.intellij.junit4.JUnit4IdeaTestRunner.startRunnerWithArgs(JUnit4IdeaTestRunner.java:68)
	at com.intellij.rt.execution.junit.IdeaTestRunner$Repeater.startRunnerWithArgs(IdeaTestRunner.java:51)
	at com.intellij.rt.execution.junit.JUnitStarter.prepareStreamsAndStart(JUnitStarter.java:237)
	at com.intellij.rt.execution.junit.JUnitStarter.main(JUnitStarter.java:70)
	at sun.reflect.NativeMethodAccessorImpl.invoke0(Native Method)
	at sun.reflect.NativeMethodAccessorImpl.invoke(NativeMethodAccessorImpl.java:62)
	at sun.reflect.DelegatingMethodAccessorImpl.invoke(DelegatingMethodAccessorImpl.java:43)
	at java.lang.reflect.Method.invoke(Method.java:498)
	at com.intellij.rt.execution.application.AppMain.main(AppMain.java:147)
Caused by: org.springframework.beans.factory.BeanCreationException: Could not autowire field: com.onion.service.Impl.SysUserServiceImpl com.onion.mybatis.UserTest.sysUserService; nested exception is org.springframework.beans.factory.NoSuchBeanDefinitionException: No qualifying bean of type [com.onion.service.Impl.SysUserServiceImpl] found for dependency: expected at least 1 bean which qualifies as autowire candidate for this dependency. Dependency annotations: {@org.springframework.beans.factory.annotation.Autowired(required=true)}
	at org.springframework.beans.factory.annotation.AutowiredAnnotationBeanPostProcessor$AutowiredFieldElement.inject(AutowiredAnnotationBeanPostProcessor.java:573)
	at org.springframework.beans.factory.annotation.InjectionMetadata.inject(InjectionMetadata.java:88)
	at org.springframework.beans.factory.annotation.AutowiredAnnotationBeanPostProcessor.postProcessPropertyValues(AutowiredAnnotationBeanPostProcessor.java:331)
	... 30 more
Caused by: org.springframework.beans.factory.NoSuchBeanDefinitionException: No qualifying bean of type [com.onion.service.Impl.SysUserServiceImpl] found for dependency: expected at least 1 bean which qualifies as autowire candidate for this dependency. Dependency annotations: {@org.springframework.beans.factory.annotation.Autowired(required=true)}
	at org.springframework.beans.factory.support.DefaultListableBeanFactory.raiseNoSuchBeanDefinitionException(DefaultListableBeanFactory.java:1373)
	at org.springframework.beans.factory.support.DefaultListableBeanFactory.doResolveDependency(DefaultListableBeanFactory.java:1119)
	at org.springframework.beans.factory.support.DefaultListableBeanFactory.resolveDependency(DefaultListableBeanFactory.java:1014)
	at org.springframework.beans.factory.annotation.AutowiredAnnotationBeanPostProcessor$AutowiredFieldElement.inject(AutowiredAnnotationBeanPostProcessor.java:545)
	... 32 more
[INFO ][2017/05/04 17:07:46118][org.springframework.context.support.AbstractApplicationContext.doClose(AbstractApplicationContext.java:960)] - Closing org.springframework.context.support.GenericApplicationContext@5383967b: startup date [Thu May 04 17:07:45 CST 2017]; root of context hierarchy
 [INFO ][2017/05/04 17:07:46122][com.alibaba.druid.pool.DruidDataSource.close(DruidDataSource.java:1447)] - {dataSource-1} closed
 [INFO ][2017/05/04 17:10:2657 ][org.springframework.test.context.support.AbstractTestContextBootstrapper.getDefaultTestExecutionListenerClassNames(AbstractTestContextBootstrapper.java:258)] - Loaded default TestExecutionListener class names from location [META-INF/spring.factories]: [org.springframework.test.context.web.ServletTestExecutionListener, org.springframework.test.context.support.DirtiesContextBeforeModesTestExecutionListener, org.springframework.test.context.support.DependencyInjectionTestExecutionListener, org.springframework.test.context.support.DirtiesContextTestExecutionListener, org.springframework.test.context.transaction.TransactionalTestExecutionListener, org.springframework.test.context.jdbc.SqlScriptsTestExecutionListener]
 [INFO ][2017/05/04 17:10:2671 ][org.springframework.test.context.support.AbstractTestContextBootstrapper.getTestExecutionListeners(AbstractTestContextBootstrapper.java:185)] - Using TestExecutionListeners: [org.springframework.test.context.web.ServletTestExecutionListener@5e5792a0, org.springframework.test.context.support.DirtiesContextBeforeModesTestExecutionListener@26653222, org.springframework.test.context.support.DependencyInjectionTestExecutionListener@3532ec19, org.springframework.test.context.support.DirtiesContextTestExecutionListener@68c4039c, org.springframework.test.context.transaction.TransactionalTestExecutionListener@ae45eb6, org.springframework.test.context.jdbc.SqlScriptsTestExecutionListener@59f99ea]
 [INFO ][2017/05/04 17:10:26191][org.springframework.beans.factory.xml.XmlBeanDefinitionReader.loadBeanDefinitions(XmlBeanDefinitionReader.java:317)] - Loading XML bean definitions from class path resource [spring/applicationContext-dao.xml]
 [INFO ][2017/05/04 17:10:26324][org.springframework.beans.factory.xml.XmlBeanDefinitionReader.loadBeanDefinitions(XmlBeanDefinitionReader.java:317)] - Loading XML bean definitions from class path resource [spring/applicationContext-service.xml]
 [INFO ][2017/05/04 17:10:26538][org.springframework.context.support.AbstractApplicationContext.prepareRefresh(AbstractApplicationContext.java:578)] - Refreshing org.springframework.context.support.GenericApplicationContext@5383967b: startup date [Thu May 04 17:10:26 CST 2017]; root of context hierarchy
 [INFO ][2017/05/04 17:10:26706][org.springframework.core.io.support.PropertiesLoaderSupport.loadProperties(PropertiesLoaderSupport.java:172)] - Loading properties file from file [C:\Users\zhongmc\IdeaProjects\IHealth\target\classes\properties\jdbc.properties]
 [ERROR][2017/05/04 17:10:26833][com.alibaba.druid.pool.DruidAbstractDataSource.setMaxIdle(DruidAbstractDataSource.java:968)] - maxIdle is deprecated
 [INFO ][2017/05/04 17:10:2774 ][com.alibaba.druid.pool.DruidDataSource.init(DruidDataSource.java:722)] - {dataSource-1} inited
 [INFO ][2017/05/04 17:10:27591][org.hibernate.validator.internal.util.Version.<clinit>(Version.java:27)] - HV000001: Hibernate Validator 5.1.3.Final
 [INFO ][2017/05/04 17:10:27825][org.springframework.web.servlet.mvc.method.annotation.RequestMappingHandlerAdapter.initControllerAdviceCache(RequestMappingHandlerAdapter.java:539)] - Looking for @ControllerAdvice: org.springframework.context.support.GenericApplicationContext@5383967b: startup date [Thu May 04 17:10:26 CST 2017]; root of context hierarchy
 [INFO ][2017/05/04 17:10:27873][org.springframework.web.servlet.mvc.method.annotation.RequestMappingHandlerAdapter.initControllerAdviceCache(RequestMappingHandlerAdapter.java:539)] - Looking for @ControllerAdvice: org.springframework.context.support.GenericApplicationContext@5383967b: startup date [Thu May 04 17:10:26 CST 2017]; root of context hierarchy
 [INFO ][2017/05/04 17:10:28393][org.springframework.context.support.AbstractApplicationContext.doClose(AbstractApplicationContext.java:960)] - Closing org.springframework.context.support.GenericApplicationContext@5383967b: startup date [Thu May 04 17:10:26 CST 2017]; root of context hierarchy
 [INFO ][2017/05/04 17:10:28403][com.alibaba.druid.pool.DruidDataSource.close(DruidDataSource.java:1447)] - {dataSource-1} closed
 [INFO ][2017/05/04 17:10:47948][org.springframework.test.context.support.AbstractTestContextBootstrapper.getDefaultTestExecutionListenerClassNames(AbstractTestContextBootstrapper.java:258)] - Loaded default TestExecutionListener class names from location [META-INF/spring.factories]: [org.springframework.test.context.web.ServletTestExecutionListener, org.springframework.test.context.support.DirtiesContextBeforeModesTestExecutionListener, org.springframework.test.context.support.DependencyInjectionTestExecutionListener, org.springframework.test.context.support.DirtiesContextTestExecutionListener, org.springframework.test.context.transaction.TransactionalTestExecutionListener, org.springframework.test.context.jdbc.SqlScriptsTestExecutionListener]
 [INFO ][2017/05/04 17:10:47966][org.springframework.test.context.support.AbstractTestContextBootstrapper.getTestExecutionListeners(AbstractTestContextBootstrapper.java:185)] - Using TestExecutionListeners: [org.springframework.test.context.web.ServletTestExecutionListener@7fc2413d, org.springframework.test.context.support.DirtiesContextBeforeModesTestExecutionListener@f8c1ddd, org.springframework.test.context.support.DependencyInjectionTestExecutionListener@70be0a2b, org.springframework.test.context.support.DirtiesContextTestExecutionListener@2133814f, org.springframework.test.context.transaction.TransactionalTestExecutionListener@4c15e7fd, org.springframework.test.context.jdbc.SqlScriptsTestExecutionListener@23986957]
 [INFO ][2017/05/04 17:10:48100][org.springframework.beans.factory.xml.XmlBeanDefinitionReader.loadBeanDefinitions(XmlBeanDefinitionReader.java:317)] - Loading XML bean definitions from class path resource [spring/applicationContext-dao.xml]
 [INFO ][2017/05/04 17:10:48278][org.springframework.beans.factory.xml.XmlBeanDefinitionReader.loadBeanDefinitions(XmlBeanDefinitionReader.java:317)] - Loading XML bean definitions from class path resource [spring/applicationContext-service.xml]
 [INFO ][2017/05/04 17:10:48431][org.springframework.context.support.AbstractApplicationContext.prepareRefresh(AbstractApplicationContext.java:578)] - Refreshing org.springframework.context.support.GenericApplicationContext@3e92efc3: startup date [Thu May 04 17:10:48 CST 2017]; root of context hierarchy
 [INFO ][2017/05/04 17:10:48625][org.springframework.core.io.support.PropertiesLoaderSupport.loadProperties(PropertiesLoaderSupport.java:172)] - Loading properties file from file [C:\Users\zhongmc\IdeaProjects\IHealth\target\classes\properties\jdbc.properties]
 [ERROR][2017/05/04 17:10:48761][com.alibaba.druid.pool.DruidAbstractDataSource.setMaxIdle(DruidAbstractDataSource.java:968)] - maxIdle is deprecated
 [INFO ][2017/05/04 17:10:4990 ][com.alibaba.druid.pool.DruidDataSource.init(DruidDataSource.java:722)] - {dataSource-1} inited
 [INFO ][2017/05/04 17:10:49970][org.springframework.context.support.AbstractApplicationContext.doClose(AbstractApplicationContext.java:960)] - Closing org.springframework.context.support.GenericApplicationContext@3e92efc3: startup date [Thu May 04 17:10:48 CST 2017]; root of context hierarchy
 [INFO ][2017/05/04 17:10:49976][com.alibaba.druid.pool.DruidDataSource.close(DruidDataSource.java:1447)] - {dataSource-1} closed
 [INFO ][2017/05/04 17:10:55218][org.springframework.test.context.support.AbstractTestContextBootstrapper.getDefaultTestExecutionListenerClassNames(AbstractTestContextBootstrapper.java:258)] - Loaded default TestExecutionListener class names from location [META-INF/spring.factories]: [org.springframework.test.context.web.ServletTestExecutionListener, org.springframework.test.context.support.DirtiesContextBeforeModesTestExecutionListener, org.springframework.test.context.support.DependencyInjectionTestExecutionListener, org.springframework.test.context.support.DirtiesContextTestExecutionListener, org.springframework.test.context.transaction.TransactionalTestExecutionListener, org.springframework.test.context.jdbc.SqlScriptsTestExecutionListener]
 [INFO ][2017/05/04 17:10:55234][org.springframework.test.context.support.AbstractTestContextBootstrapper.getTestExecutionListeners(AbstractTestContextBootstrapper.java:185)] - Using TestExecutionListeners: [org.springframework.test.context.web.ServletTestExecutionListener@3ffc5af1, org.springframework.test.context.support.DirtiesContextBeforeModesTestExecutionListener@5e5792a0, org.springframework.test.context.support.DependencyInjectionTestExecutionListener@26653222, org.springframework.test.context.support.DirtiesContextTestExecutionListener@3532ec19, org.springframework.test.context.transaction.TransactionalTestExecutionListener@68c4039c, org.springframework.test.context.jdbc.SqlScriptsTestExecutionListener@ae45eb6]
 [INFO ][2017/05/04 17:10:55367][org.springframework.beans.factory.xml.XmlBeanDefinitionReader.loadBeanDefinitions(XmlBeanDefinitionReader.java:317)] - Loading XML bean definitions from class path resource [spring/applicationContext-dao.xml]
 [INFO ][2017/05/04 17:10:55504][org.springframework.beans.factory.xml.XmlBeanDefinitionReader.loadBeanDefinitions(XmlBeanDefinitionReader.java:317)] - Loading XML bean definitions from class path resource [spring/applicationContext-service.xml]
 [INFO ][2017/05/04 17:10:55629][org.springframework.context.support.AbstractApplicationContext.prepareRefresh(AbstractApplicationContext.java:578)] - Refreshing org.springframework.context.support.GenericApplicationContext@4fe3c938: startup date [Thu May 04 17:10:55 CST 2017]; root of context hierarchy
 [INFO ][2017/05/04 17:10:55763][org.springframework.core.io.support.PropertiesLoaderSupport.loadProperties(PropertiesLoaderSupport.java:172)] - Loading properties file from file [C:\Users\zhongmc\IdeaProjects\IHealth\target\classes\properties\jdbc.properties]
 [ERROR][2017/05/04 17:10:55880][com.alibaba.druid.pool.DruidAbstractDataSource.setMaxIdle(DruidAbstractDataSource.java:968)] - maxIdle is deprecated
 [INFO ][2017/05/04 17:10:56185][com.alibaba.druid.pool.DruidDataSource.init(DruidDataSource.java:722)] - {dataSource-1} inited
 [INFO ][2017/05/04 17:10:56939][org.springframework.context.support.AbstractApplicationContext.doClose(AbstractApplicationContext.java:960)] - Closing org.springframework.context.support.GenericApplicationContext@4fe3c938: startup date [Thu May 04 17:10:55 CST 2017]; root of context hierarchy
 [INFO ][2017/05/04 17:10:56944][com.alibaba.druid.pool.DruidDataSource.close(DruidDataSource.java:1447)] - {dataSource-1} closed
 [INFO ][2017/05/04 17:11:35843][org.springframework.test.context.support.AbstractTestContextBootstrapper.getDefaultTestExecutionListenerClassNames(AbstractTestContextBootstrapper.java:258)] - Loaded default TestExecutionListener class names from location [META-INF/spring.factories]: [org.springframework.test.context.web.ServletTestExecutionListener, org.springframework.test.context.support.DirtiesContextBeforeModesTestExecutionListener, org.springframework.test.context.support.DependencyInjectionTestExecutionListener, org.springframework.test.context.support.DirtiesContextTestExecutionListener, org.springframework.test.context.transaction.TransactionalTestExecutionListener, org.springframework.test.context.jdbc.SqlScriptsTestExecutionListener]
 [INFO ][2017/05/04 17:11:35856][org.springframework.test.context.support.AbstractTestContextBootstrapper.getTestExecutionListeners(AbstractTestContextBootstrapper.java:185)] - Using TestExecutionListeners: [org.springframework.test.context.web.ServletTestExecutionListener@91161c7, org.springframework.test.context.support.DirtiesContextBeforeModesTestExecutionListener@604ed9f0, org.springframework.test.context.support.DependencyInjectionTestExecutionListener@6a4f787b, org.springframework.test.context.support.DirtiesContextTestExecutionListener@685cb137, org.springframework.test.context.transaction.TransactionalTestExecutionListener@6a41eaa2, org.springframework.test.context.jdbc.SqlScriptsTestExecutionListener@7cd62f43]
 [INFO ][2017/05/04 17:11:35982][org.springframework.beans.factory.xml.XmlBeanDefinitionReader.loadBeanDefinitions(XmlBeanDefinitionReader.java:317)] - Loading XML bean definitions from class path resource [spring/applicationContext-dao.xml]
 [INFO ][2017/05/04 17:11:36111][org.springframework.beans.factory.xml.XmlBeanDefinitionReader.loadBeanDefinitions(XmlBeanDefinitionReader.java:317)] - Loading XML bean definitions from class path resource [spring/applicationContext-service.xml]
 [INFO ][2017/05/04 17:11:36213][org.springframework.context.support.AbstractApplicationContext.prepareRefresh(AbstractApplicationContext.java:578)] - Refreshing org.springframework.context.support.GenericApplicationContext@63753b6d: startup date [Thu May 04 17:11:36 CST 2017]; root of context hierarchy
 [INFO ][2017/05/04 17:11:36353][org.springframework.core.io.support.PropertiesLoaderSupport.loadProperties(PropertiesLoaderSupport.java:172)] - Loading properties file from file [C:\Users\zhongmc\IdeaProjects\IHealth\target\classes\properties\jdbc.properties]
 [ERROR][2017/05/04 17:11:36502][com.alibaba.druid.pool.DruidAbstractDataSource.setMaxIdle(DruidAbstractDataSource.java:968)] - maxIdle is deprecated
 [INFO ][2017/05/04 17:11:36783][com.alibaba.druid.pool.DruidDataSource.init(DruidDataSource.java:722)] - {dataSource-1} inited
 [INFO ][2017/05/04 17:11:37545][org.springframework.context.support.AbstractApplicationContext.doClose(AbstractApplicationContext.java:960)] - Closing org.springframework.context.support.GenericApplicationContext@63753b6d: startup date [Thu May 04 17:11:36 CST 2017]; root of context hierarchy
 [INFO ][2017/05/04 17:11:37549][com.alibaba.druid.pool.DruidDataSource.close(DruidDataSource.java:1447)] - {dataSource-1} closed
 [INFO ][2017/05/04 18:52:43146][org.springframework.test.context.support.AbstractTestContextBootstrapper.getDefaultTestExecutionListenerClassNames(AbstractTestContextBootstrapper.java:258)] - Loaded default TestExecutionListener class names from location [META-INF/spring.factories]: [org.springframework.test.context.web.ServletTestExecutionListener, org.springframework.test.context.support.DirtiesContextBeforeModesTestExecutionListener, org.springframework.test.context.support.DependencyInjectionTestExecutionListener, org.springframework.test.context.support.DirtiesContextTestExecutionListener, org.springframework.test.context.transaction.TransactionalTestExecutionListener, org.springframework.test.context.jdbc.SqlScriptsTestExecutionListener]
 [INFO ][2017/05/04 18:52:43221][org.springframework.test.context.support.AbstractTestContextBootstrapper.getTestExecutionListeners(AbstractTestContextBootstrapper.java:185)] - Using TestExecutionListeners: [org.springframework.test.context.web.ServletTestExecutionListener@91161c7, org.springframework.test.context.support.DirtiesContextBeforeModesTestExecutionListener@604ed9f0, org.springframework.test.context.support.DependencyInjectionTestExecutionListener@6a4f787b, org.springframework.test.context.support.DirtiesContextTestExecutionListener@685cb137, org.springframework.test.context.transaction.TransactionalTestExecutionListener@6a41eaa2, org.springframework.test.context.jdbc.SqlScriptsTestExecutionListener@7cd62f43]
 [INFO ][2017/05/04 18:52:43712][org.springframework.beans.factory.xml.XmlBeanDefinitionReader.loadBeanDefinitions(XmlBeanDefinitionReader.java:317)] - Loading XML bean definitions from class path resource [spring/applicationContext-dao.xml]
 [INFO ][2017/05/04 18:52:4493 ][org.springframework.beans.factory.xml.XmlBeanDefinitionReader.loadBeanDefinitions(XmlBeanDefinitionReader.java:317)] - Loading XML bean definitions from class path resource [spring/applicationContext-service.xml]
 [INFO ][2017/05/04 18:52:44349][org.springframework.context.support.AbstractApplicationContext.prepareRefresh(AbstractApplicationContext.java:578)] - Refreshing org.springframework.context.support.GenericApplicationContext@63753b6d: startup date [Thu May 04 18:52:44 CST 2017]; root of context hierarchy
 [INFO ][2017/05/04 18:52:44632][org.springframework.core.io.support.PropertiesLoaderSupport.loadProperties(PropertiesLoaderSupport.java:172)] - Loading properties file from file [E:\workspace-i\IHealth\target\classes\properties\jdbc.properties]
 [ERROR][2017/05/04 18:52:44848][com.alibaba.druid.pool.DruidAbstractDataSource.setMaxIdle(DruidAbstractDataSource.java:968)] - maxIdle is deprecated
 [INFO ][2017/05/04 18:52:45348][com.alibaba.druid.pool.DruidDataSource.init(DruidDataSource.java:722)] - {dataSource-1} inited
 [INFO ][2017/05/04 18:52:46610][org.springframework.context.support.AbstractApplicationContext.doClose(AbstractApplicationContext.java:960)] - Closing org.springframework.context.support.GenericApplicationContext@63753b6d: startup date [Thu May 04 18:52:44 CST 2017]; root of context hierarchy
 [INFO ][2017/05/04 18:52:46653][com.alibaba.druid.pool.DruidDataSource.close(DruidDataSource.java:1447)] - {dataSource-1} closed
 [INFO ][2017/05/04 18:55:14332][org.springframework.test.context.support.AbstractTestContextBootstrapper.getDefaultTestExecutionListenerClassNames(AbstractTestContextBootstrapper.java:258)] - Loaded default TestExecutionListener class names from location [META-INF/spring.factories]: [org.springframework.test.context.web.ServletTestExecutionListener, org.springframework.test.context.support.DirtiesContextBeforeModesTestExecutionListener, org.springframework.test.context.support.DependencyInjectionTestExecutionListener, org.springframework.test.context.support.DirtiesContextTestExecutionListener, org.springframework.test.context.transaction.TransactionalTestExecutionListener, org.springframework.test.context.jdbc.SqlScriptsTestExecutionListener]
 [INFO ][2017/05/04 18:55:14407][org.springframework.test.context.support.AbstractTestContextBootstrapper.getTestExecutionListeners(AbstractTestContextBootstrapper.java:185)] - Using TestExecutionListeners: [org.springframework.test.context.web.ServletTestExecutionListener@66a3ffec, org.springframework.test.context.support.DirtiesContextBeforeModesTestExecutionListener@77caeb3e, org.springframework.test.context.support.DependencyInjectionTestExecutionListener@1e88b3c, org.springframework.test.context.support.DirtiesContextTestExecutionListener@42d80b78, org.springframework.test.context.transaction.TransactionalTestExecutionListener@3bfdc050, org.springframework.test.context.jdbc.SqlScriptsTestExecutionListener@1bce4f0a]
 [INFO ][2017/05/04 18:55:14806][org.springframework.beans.factory.xml.XmlBeanDefinitionReader.loadBeanDefinitions(XmlBeanDefinitionReader.java:317)] - Loading XML bean definitions from class path resource [spring/applicationContext-dao.xml]
 [INFO ][2017/05/04 18:55:15200][org.springframework.beans.factory.xml.XmlBeanDefinitionReader.loadBeanDefinitions(XmlBeanDefinitionReader.java:317)] - Loading XML bean definitions from class path resource [spring/applicationContext-service.xml]
 [INFO ][2017/05/04 18:55:15467][org.springframework.context.support.AbstractApplicationContext.prepareRefresh(AbstractApplicationContext.java:578)] - Refreshing org.springframework.context.support.GenericApplicationContext@520a3426: startup date [Thu May 04 18:55:15 CST 2017]; root of context hierarchy
 [INFO ][2017/05/04 18:55:15929][org.springframework.core.io.support.PropertiesLoaderSupport.loadProperties(PropertiesLoaderSupport.java:172)] - Loading properties file from file [E:\workspace-i\IHealth\target\classes\properties\jdbc.properties]
 [ERROR][2017/05/04 18:55:16353][com.alibaba.druid.pool.DruidAbstractDataSource.setMaxIdle(DruidAbstractDataSource.java:968)] - maxIdle is deprecated
 [INFO ][2017/05/04 18:55:17361][com.alibaba.druid.pool.DruidDataSource.init(DruidDataSource.java:722)] - {dataSource-1} inited
 [INFO ][2017/05/04 18:55:19277][org.springframework.context.support.AbstractApplicationContext.doClose(AbstractApplicationContext.java:960)] - Closing org.springframework.context.support.GenericApplicationContext@520a3426: startup date [Thu May 04 18:55:15 CST 2017]; root of context hierarchy
 [INFO ][2017/05/04 18:55:19289][com.alibaba.druid.pool.DruidDataSource.close(DruidDataSource.java:1447)] - {dataSource-1} closed
 